Change Component Designator: OldDesignator=Connector NewDesignator=Header
Change Component Designator: OldDesignator=J? NewDesignator=J1
Added Component: Designator=MAX232 CWE 1(16pin SOIC)
Added Component: Designator=SMD 1206 1(SMD 1206)
Added Component: Designator=SMD 1206 2(SMD 1206)
Added Component: Designator=SMD 1206 3(SMD 1206)
Added Component: Designator=SMD 1206 4(SMD 1206)
Added Pin To Net: NetName=TX Pin=MAX232 CWE 1-11
Added Pin To Net: NetName=RX Pin=MAX232 CWE 1-12
Added Pin To Net: NetName=GND Pin=MAX232 CWE 1-15
Added Pin To Net: NetName=5V Pin=MAX232 CWE 1-16
Added Pin To Net: NetName=5V Pin=SMD 1206 1-2
Added Pin To Net: NetName=GND Pin=SMD 1206 3-1
Added Pin To Net: NetName=NetJ1_1 Pin=J1-1
Added Pin To Net: NetName=NetJ1_1 Pin=J1-4
Added Pin To Net: NetName=NetJ1_1 Pin=J1-6
Added Net: Name=NetJ1_1
Added Pin To Net: NetName=NetJ1_7 Pin=J1-7
Added Pin To Net: NetName=NetJ1_7 Pin=J1-8
Added Net: Name=NetJ1_7
Added Pin To Net: NetName=NetMAX232 CWE 1_1 Pin=MAX232 CWE 1-1
Added Pin To Net: NetName=NetMAX232 CWE 1_1 Pin=SMD 1206 2-2
Added Net: Name=NetMAX232 CWE 1_1
Added Pin To Net: NetName=NetMAX232 CWE 1_2 Pin=MAX232 CWE 1-2
Added Pin To Net: NetName=NetMAX232 CWE 1_2 Pin=SMD 1206 1-1
Added Net: Name=NetMAX232 CWE 1_2
Added Pin To Net: NetName=NetMAX232 CWE 1_3 Pin=MAX232 CWE 1-3
Added Pin To Net: NetName=NetMAX232 CWE 1_3 Pin=SMD 1206 2-1
Added Net: Name=NetMAX232 CWE 1_3
Added Pin To Net: NetName=NetMAX232 CWE 1_4 Pin=MAX232 CWE 1-4
Added Pin To Net: NetName=NetMAX232 CWE 1_4 Pin=SMD 1206 4-2
Added Net: Name=NetMAX232 CWE 1_4
Added Pin To Net: NetName=NetMAX232 CWE 1_5 Pin=MAX232 CWE 1-5
Added Pin To Net: NetName=NetMAX232 CWE 1_5 Pin=SMD 1206 4-1
Added Net: Name=NetMAX232 CWE 1_5
Added Pin To Net: NetName=NetMAX232 CWE 1_6 Pin=MAX232 CWE 1-6
Added Pin To Net: NetName=NetMAX232 CWE 1_6 Pin=SMD 1206 3-2
Added Net: Name=NetMAX232 CWE 1_6
Added Pin To Net: NetName=RS232IN Pin=J1-3
Added Pin To Net: NetName=RS232IN Pin=MAX232 CWE 1-13
Added Net: Name=RS232IN
Added Pin To Net: NetName=RS232OUT Pin=J1-2
Added Pin To Net: NetName=RS232OUT Pin=MAX232 CWE 1-14
Added Net: Name=RS232OUT
Added Member To Class: ClassName=MAX232Breakout Member=Component MAX232 CWE 1 MAX232 CWE
Added Member To Class: ClassName=MAX232Breakout Member=Component SMD 1206 1 SMD 1206
Added Member To Class: ClassName=MAX232Breakout Member=Component SMD 1206 2 SMD 1206
Added Member To Class: ClassName=MAX232Breakout Member=Component SMD 1206 3 SMD 1206
Added Member To Class: ClassName=MAX232Breakout Member=Component SMD 1206 4 SMD 1206
Added Room: Name=MAX232Breakout
