Removed Pin From Net: NetName=GND Pin=C1-1
Removed Pin From Net: NetName=5V Pin=C1-2
Removed Pin From Net: NetName=GND Pin=C2-1
Removed Pin From Net: NetName=5V Pin=C2-2
Removed Pin From Net: NetName=GND Pin=C3-1
Removed Pin From Net: NetName=5V Pin=C3-2
Removed Pin From Net: NetName=GND Pin=C4-1
Removed Pin From Net: NetName=5V Pin=C4-2
Removed Pin From Net: NetName=GND Pin=C5-1
Removed Pin From Net: NetName=5V Pin=C5-2
Removed Pin From Net: NetName=GND Pin=C6-1
Removed Pin From Net: NetName=5V Pin=C6-2
Removed Pin From Net: NetName=GND Pin=C7-1
Removed Pin From Net: NetName=3.3V Pin=C7-2
Removed Pin From Net: NetName=GND Pin=C8-1
Removed Pin From Net: NetName=3.3V Pin=C8-2
Removed Pin From Net: NetName=GND Pin=C9-1
Removed Pin From Net: NetName=3.3V Pin=C9-2
Removed Pin From Net: NetName=GND Pin=C10-1
Removed Pin From Net: NetName=3.3V Pin=C10-2
Removed Member From Class: ClassName=MainBoard Member=C1
Removed Member From Class: ClassName=MainBoard Member=C1
Removed Member From Class: ClassName=MainBoard Member=C2
Removed Member From Class: ClassName=MainBoard Member=C2
Removed Member From Class: ClassName=MainBoard Member=C3
Removed Member From Class: ClassName=MainBoard Member=C3
Removed Member From Class: ClassName=MainBoard Member=C4
Removed Member From Class: ClassName=MainBoard Member=C4
Removed Member From Class: ClassName=MainBoard Member=C5
Removed Member From Class: ClassName=MainBoard Member=C5
Removed Member From Class: ClassName=MainBoard Member=C6
Removed Member From Class: ClassName=MainBoard Member=C6
Removed Member From Class: ClassName=MainBoard Member=C7
Removed Member From Class: ClassName=MainBoard Member=C7
Removed Member From Class: ClassName=MainBoard Member=C8
Removed Member From Class: ClassName=MainBoard Member=C8
Removed Member From Class: ClassName=MainBoard Member=C9
Removed Member From Class: ClassName=MainBoard Member=C9
Removed Member From Class: ClassName=MainBoard Member=C10
Removed Member From Class: ClassName=MainBoard Member=C10
Added Room: Name=MainBoard
