Added Component: Designator=2mmCap 1(2mmCap)
Added Component: Designator=2mmCap 2(2mmCap)
Added Component: Designator=2mmCap 3(2mmCap)
Added Component: Designator=2mmCap 4(2mmCap)
Added Component: Designator=Antenna Connector 1(Antenna Connector)
Added Component: Designator=ER900TRS(ER900TRS)
Added Component: Designator=FTDI module 1(FTDI module)
Added Pin To Net: NetName=5V Pin=2mmCap 1-1
Added Pin To Net: NetName=GND Pin=2mmCap 1-2
Added Pin To Net: NetName=Net2mmCap 2_1 Pin=2mmCap 2-1
Added Pin To Net: NetName=GND Pin=2mmCap 2-2
Added Pin To Net: NetName=5V Pin=2mmCap 3-1
Added Pin To Net: NetName=GND Pin=2mmCap 3-2
Added Pin To Net: NetName=5V Pin=2mmCap 4-1
Added Pin To Net: NetName=GND Pin=2mmCap 4-2
Added Pin To Net: NetName=NetAntenna Connector 1_1 Pin=Antenna Connector 1-1
Added Pin To Net: NetName=NetAntenna Connector 1_1 Pin=Antenna Connector 1-1
Added Pin To Net: NetName=NetAntenna Connector 1_1 Pin=Antenna Connector 1-1
Added Pin To Net: NetName=NetAntenna Connector 1_1 Pin=Antenna Connector 1-1
Added Pin To Net: NetName=NetAntenna Connector 1_2 Pin=Antenna Connector 1-2
Added Pin To Net: NetName=NetAntenna Connector 1_2 Pin=ER900TRS-1
Added Pin To Net: NetName=NetAntenna Connector 1_1 Pin=ER900TRS-2
Added Pin To Net: NetName=ER_DATAOUT Pin=ER900TRS-5
Added Pin To Net: NetName=ER_DATAIN Pin=ER900TRS-6
Added Pin To Net: NetName=GND Pin=ER900TRS-7
Added Pin To Net: NetName=5V Pin=ER900TRS-8
Added Pin To Net: NetName=GND Pin=ER900TRS-9
Added Pin To Net: NetName=GND Pin=FTDI module 1-2
Added Pin To Net: NetName=5V Pin=FTDI module 1-3
Added Pin To Net: NetName=GND Pin=FTDI module 1-5
Added Pin To Net: NetName=GND Pin=FTDI module 1-7
Added Pin To Net: NetName=Net2mmCap 2_1 Pin=FTDI module 1-10
Added Pin To Net: NetName=5V Pin=FTDI module 1-11
Added Pin To Net: NetName=5V Pin=FTDI module 1-12
Added Pin To Net: NetName=ER_DATAOUT Pin=FTDI module 1-23
Added Pin To Net: NetName=ER_DATAIN Pin=FTDI module 1-24
Added Member To Class: ClassName=LapTopBoard Member=Component 2mmCap 1 2mmCap
Added Member To Class: ClassName=LapTopBoard Member=Component 2mmCap 2 2mmCap
Added Member To Class: ClassName=LapTopBoard Member=Component 2mmCap 3 2mmCap
Added Member To Class: ClassName=LapTopBoard Member=Component 2mmCap 4 2mmCap
Added Member To Class: ClassName=LapTopBoard Member=Component Antenna Connector 1 Antenna Connector
Added Member To Class: ClassName=LapTopBoard Member=Component ER900TRS Easy Radio 900MHz
Added Member To Class: ClassName=LapTopBoard Member=Component FTDI module 1 FTDI module
